<?xml version="1.0" encoding="UTF-8"?>
<testng-results ignored="0" total="6" passed="4" failed="2" skipped="0">
  <reporter-output>
  </reporter-output>
  <suite started-at="2025-01-29T11:30:52 CST" name="Default suite" finished-at="2025-01-29T11:31:22 CST" duration-ms="29914">
    <groups>
      <group name="cucumber">
        <method signature="AbstractTestNGCucumberTests.runScenario(io.cucumber.testng.PickleWrapper,io.cucumber.testng.FeatureWrapper)[pri:0, instance:com.testrunner.TestRunner@79da8dc5]" name="runScenario" class="io.cucumber.testng.AbstractTestNGCucumberTests"/>
      </group> <!-- cucumber -->
    </groups>
    <test started-at="2025-01-29T11:30:52 CST" name="Default test" finished-at="2025-01-29T11:31:22 CST" duration-ms="29914">
      <class name="com.testrunner.TestRunner">
        <test-method is-config="true" signature="setUpClass(org.testng.ITestContext)[pri:0, instance:com.testrunner.TestRunner@79da8dc5]" started-at="2025-01-29T11:30:52 CST" name="setUpClass" finished-at="2025-01-29T11:30:53 CST" duration-ms="371" status="PASS">
          <params>
            <param index="0">
              <value>
                <![CDATA[org.testng.TestRunner@64f3ca6]]>
              </value>
            </param>
          </params>
          <reporter-output>
          </reporter-output>
        </test-method> <!-- setUpClass -->
        <test-method signature="runScenario(io.cucumber.testng.PickleWrapper,io.cucumber.testng.FeatureWrapper)[pri:0, instance:com.testrunner.TestRunner@79da8dc5]" started-at="2025-01-29T11:30:53 CST" name="runScenario" description="Runs Cucumber Scenarios" data-provider="scenarios" finished-at="2025-01-29T11:30:56 CST" duration-ms="3557" status="PASS">
          <params>
            <param index="0">
              <value>
                <![CDATA["Verify that user is able to navigate to Time Complexity page"]]>
              </value>
            </param>
            <param index="1">
              <value>
                <![CDATA["Data-Structure Intrudoction module"]]>
              </value>
            </param>
          </params>
          <reporter-output>
          </reporter-output>
        </test-method> <!-- runScenario -->
        <test-method signature="runScenario(io.cucumber.testng.PickleWrapper,io.cucumber.testng.FeatureWrapper)[pri:0, instance:com.testrunner.TestRunner@79da8dc5]" started-at="2025-01-29T11:30:56 CST" name="runScenario" description="Runs Cucumber Scenarios" data-provider="scenarios" finished-at="2025-01-29T11:31:00 CST" duration-ms="4180" status="PASS">
          <params>
            <param index="0">
              <value>
                <![CDATA["Verify that user is able to navigate to try Editor page"]]>
              </value>
            </param>
            <param index="1">
              <value>
                <![CDATA["Data-Structure Intrudoction module"]]>
              </value>
            </param>
          </params>
          <reporter-output>
          </reporter-output>
        </test-method> <!-- runScenario -->
        <test-method signature="runScenario(io.cucumber.testng.PickleWrapper,io.cucumber.testng.FeatureWrapper)[pri:0, instance:com.testrunner.TestRunner@79da8dc5]" started-at="2025-01-29T11:31:00 CST" name="runScenario" description="Runs Cucumber Scenarios" data-provider="scenarios" finished-at="2025-01-29T11:31:05 CST" duration-ms="4699" status="FAIL">
          <params>
            <param index="0">
              <value>
                <![CDATA["Navigate through data structures and execute Python code"]]>
              </value>
            </param>
            <param index="1">
              <value>
                <![CDATA["Data-Structure Intrudoction module"]]>
              </value>
            </param>
          </params>
          <exception class="org.openqa.selenium.UnhandledAlertException">
            <message>
              <![CDATA[unexpected alert open: {Alert text : NameError: name 'hello' is not defined on line 1}
  (Session info: chrome=132.0.6834.112): NameError: name 'hello' is not defined on line 1
Build info: version: '4.27.0', revision: 'd6e718d'
System info: os.name: 'Windows 11', os.arch: 'amd64', os.version: '10.0', java.version: '23.0.1'
Driver info: org.openqa.selenium.chrome.ChromeDriver
Command: [b6e9c77acc81c458a90992a78d883942, findElement {value=output, using=id}]
Capabilities {acceptInsecureCerts: false, browserName: chrome, browserVersion: 132.0.6834.112, chrome: {chromedriverVersion: 132.0.6834.159 (2d77d3fc445..., userDataDir: C:\Users\rakhy\AppData\Loca...}, fedcm:accounts: true, goog:chromeOptions: {debuggerAddress: localhost:65006}, networkConnectionEnabled: false, pageLoadStrategy: normal, platformName: windows, proxy: Proxy(), se:cdp: ws://localhost:65006/devtoo..., se:cdpVersion: 132.0.6834.112, setWindowRect: true, strictFileInteractability: false, timeouts: {implicit: 0, pageLoad: 300000, script: 30000}, unhandledPromptBehavior: dismiss and notify, webauthn:extension:credBlob: true, webauthn:extension:largeBlob: true, webauthn:extension:minPinLength: true, webauthn:extension:prf: true, webauthn:virtualAuthenticators: true}
Session ID: b6e9c77acc81c458a90992a78d883942]]>
            </message>
            <full-stacktrace>
              <![CDATA[org.openqa.selenium.UnhandledAlertException: unexpected alert open: {Alert text : NameError: name 'hello' is not defined on line 1}
  (Session info: chrome=132.0.6834.112): NameError: name 'hello' is not defined on line 1
Build info: version: '4.27.0', revision: 'd6e718d'
System info: os.name: 'Windows 11', os.arch: 'amd64', os.version: '10.0', java.version: '23.0.1'
Driver info: org.openqa.selenium.chrome.ChromeDriver
Command: [b6e9c77acc81c458a90992a78d883942, findElement {value=output, using=id}]
Capabilities {acceptInsecureCerts: false, browserName: chrome, browserVersion: 132.0.6834.112, chrome: {chromedriverVersion: 132.0.6834.159 (2d77d3fc445..., userDataDir: C:\Users\rakhy\AppData\Loca...}, fedcm:accounts: true, goog:chromeOptions: {debuggerAddress: localhost:65006}, networkConnectionEnabled: false, pageLoadStrategy: normal, platformName: windows, proxy: Proxy(), se:cdp: ws://localhost:65006/devtoo..., se:cdpVersion: 132.0.6834.112, setWindowRect: true, strictFileInteractability: false, timeouts: {implicit: 0, pageLoad: 300000, script: 30000}, unhandledPromptBehavior: dismiss and notify, webauthn:extension:credBlob: true, webauthn:extension:largeBlob: true, webauthn:extension:minPinLength: true, webauthn:extension:prf: true, webauthn:virtualAuthenticators: true}
Session ID: b6e9c77acc81c458a90992a78d883942
at org.openqa.selenium.remote.codec.w3c.W3CHttpResponseCodec.decode(W3CHttpResponseCodec.java:136)
at org.openqa.selenium.remote.codec.w3c.W3CHttpResponseCodec.decode(W3CHttpResponseCodec.java:50)
at org.openqa.selenium.remote.HttpCommandExecutor.execute(HttpCommandExecutor.java:190)
at org.openqa.selenium.remote.service.DriverCommandExecutor.invokeExecute(DriverCommandExecutor.java:216)
at org.openqa.selenium.remote.service.DriverCommandExecutor.execute(DriverCommandExecutor.java:174)
at org.openqa.selenium.remote.RemoteWebDriver.execute(RemoteWebDriver.java:545)
at org.openqa.selenium.remote.ElementLocation$ElementFinder$2.findElement(ElementLocation.java:165)
at org.openqa.selenium.remote.ElementLocation.findElement(ElementLocation.java:66)
at org.openqa.selenium.remote.RemoteWebDriver.findElement(RemoteWebDriver.java:368)
at org.openqa.selenium.remote.RemoteWebDriver.findElement(RemoteWebDriver.java:362)
at pageobject.DataStructurespage.getResult(DataStructurespage.java:101)
at stepdefination.DataStructuresSD.user_execute_the_python_code_and_validate_the_result(DataStructuresSD.java:126)
at ✽.user execute the Python code and validate the result(file:///C:/Users/rakhy/eclipse-workspace-new/DS_algo_project/src/test/resources/Featurefiles/Data%20Structures-introduction.feature:22)
]]>
            </full-stacktrace>
          </exception> <!-- org.openqa.selenium.UnhandledAlertException -->
          <reporter-output>
          </reporter-output>
        </test-method> <!-- runScenario -->
        <test-method signature="runScenario(io.cucumber.testng.PickleWrapper,io.cucumber.testng.FeatureWrapper)[pri:0, instance:com.testrunner.TestRunner@79da8dc5]" started-at="2025-01-29T11:31:05 CST" name="runScenario" description="Runs Cucumber Scenarios" data-provider="scenarios" finished-at="2025-01-29T11:31:09 CST" duration-ms="4092" status="FAIL">
          <params>
            <param index="0">
              <value>
                <![CDATA["Navigate through data structures and execute Python code"]]>
              </value>
            </param>
            <param index="1">
              <value>
                <![CDATA["Data-Structure Intrudoction module"]]>
              </value>
            </param>
          </params>
          <exception class="org.openqa.selenium.UnhandledAlertException">
            <message>
              <![CDATA[unexpected alert open: {Alert text : SyntaxError: bad input on line 1}
  (Session info: chrome=132.0.6834.112): SyntaxError: bad input on line 1
Build info: version: '4.27.0', revision: 'd6e718d'
System info: os.name: 'Windows 11', os.arch: 'amd64', os.version: '10.0', java.version: '23.0.1'
Driver info: org.openqa.selenium.chrome.ChromeDriver
Command: [18f5432c985d3d1aedd98f01d8bed767, findElement {value=output, using=id}]
Capabilities {acceptInsecureCerts: false, browserName: chrome, browserVersion: 132.0.6834.112, chrome: {chromedriverVersion: 132.0.6834.159 (2d77d3fc445..., userDataDir: C:\Users\rakhy\AppData\Loca...}, fedcm:accounts: true, goog:chromeOptions: {debuggerAddress: localhost:65035}, networkConnectionEnabled: false, pageLoadStrategy: normal, platformName: windows, proxy: Proxy(), se:cdp: ws://localhost:65035/devtoo..., se:cdpVersion: 132.0.6834.112, setWindowRect: true, strictFileInteractability: false, timeouts: {implicit: 0, pageLoad: 300000, script: 30000}, unhandledPromptBehavior: dismiss and notify, webauthn:extension:credBlob: true, webauthn:extension:largeBlob: true, webauthn:extension:minPinLength: true, webauthn:extension:prf: true, webauthn:virtualAuthenticators: true}
Session ID: 18f5432c985d3d1aedd98f01d8bed767]]>
            </message>
            <full-stacktrace>
              <![CDATA[org.openqa.selenium.UnhandledAlertException: unexpected alert open: {Alert text : SyntaxError: bad input on line 1}
  (Session info: chrome=132.0.6834.112): SyntaxError: bad input on line 1
Build info: version: '4.27.0', revision: 'd6e718d'
System info: os.name: 'Windows 11', os.arch: 'amd64', os.version: '10.0', java.version: '23.0.1'
Driver info: org.openqa.selenium.chrome.ChromeDriver
Command: [18f5432c985d3d1aedd98f01d8bed767, findElement {value=output, using=id}]
Capabilities {acceptInsecureCerts: false, browserName: chrome, browserVersion: 132.0.6834.112, chrome: {chromedriverVersion: 132.0.6834.159 (2d77d3fc445..., userDataDir: C:\Users\rakhy\AppData\Loca...}, fedcm:accounts: true, goog:chromeOptions: {debuggerAddress: localhost:65035}, networkConnectionEnabled: false, pageLoadStrategy: normal, platformName: windows, proxy: Proxy(), se:cdp: ws://localhost:65035/devtoo..., se:cdpVersion: 132.0.6834.112, setWindowRect: true, strictFileInteractability: false, timeouts: {implicit: 0, pageLoad: 300000, script: 30000}, unhandledPromptBehavior: dismiss and notify, webauthn:extension:credBlob: true, webauthn:extension:largeBlob: true, webauthn:extension:minPinLength: true, webauthn:extension:prf: true, webauthn:virtualAuthenticators: true}
Session ID: 18f5432c985d3d1aedd98f01d8bed767
at org.openqa.selenium.remote.codec.w3c.W3CHttpResponseCodec.decode(W3CHttpResponseCodec.java:136)
at org.openqa.selenium.remote.codec.w3c.W3CHttpResponseCodec.decode(W3CHttpResponseCodec.java:50)
at org.openqa.selenium.remote.HttpCommandExecutor.execute(HttpCommandExecutor.java:190)
at org.openqa.selenium.remote.service.DriverCommandExecutor.invokeExecute(DriverCommandExecutor.java:216)
at org.openqa.selenium.remote.service.DriverCommandExecutor.execute(DriverCommandExecutor.java:174)
at org.openqa.selenium.remote.RemoteWebDriver.execute(RemoteWebDriver.java:545)
at org.openqa.selenium.remote.ElementLocation$ElementFinder$2.findElement(ElementLocation.java:165)
at org.openqa.selenium.remote.ElementLocation.findElement(ElementLocation.java:66)
at org.openqa.selenium.remote.RemoteWebDriver.findElement(RemoteWebDriver.java:368)
at org.openqa.selenium.remote.RemoteWebDriver.findElement(RemoteWebDriver.java:362)
at pageobject.DataStructurespage.getResult(DataStructurespage.java:101)
at stepdefination.DataStructuresSD.user_execute_the_python_code_and_validate_the_result(DataStructuresSD.java:126)
at ✽.user execute the Python code and validate the result(file:///C:/Users/rakhy/eclipse-workspace-new/DS_algo_project/src/test/resources/Featurefiles/Data%20Structures-introduction.feature:22)
]]>
            </full-stacktrace>
          </exception> <!-- org.openqa.selenium.UnhandledAlertException -->
          <reporter-output>
          </reporter-output>
        </test-method> <!-- runScenario -->
        <test-method signature="runScenario(io.cucumber.testng.PickleWrapper,io.cucumber.testng.FeatureWrapper)[pri:0, instance:com.testrunner.TestRunner@79da8dc5]" started-at="2025-01-29T11:31:09 CST" name="runScenario" description="Runs Cucumber Scenarios" data-provider="scenarios" finished-at="2025-01-29T11:31:16 CST" duration-ms="6864" status="PASS">
          <params>
            <param index="0">
              <value>
                <![CDATA["Navigate through data structures and execute Python code"]]>
              </value>
            </param>
            <param index="1">
              <value>
                <![CDATA["Data-Structure Intrudoction module"]]>
              </value>
            </param>
          </params>
          <reporter-output>
          </reporter-output>
        </test-method> <!-- runScenario -->
        <test-method signature="runScenario(io.cucumber.testng.PickleWrapper,io.cucumber.testng.FeatureWrapper)[pri:0, instance:com.testrunner.TestRunner@79da8dc5]" started-at="2025-01-29T11:31:16 CST" name="runScenario" description="Runs Cucumber Scenarios" data-provider="scenarios" finished-at="2025-01-29T11:31:22 CST" duration-ms="6115" status="PASS">
          <params>
            <param index="0">
              <value>
                <![CDATA["Verify that user is able to navigate to Practice Questions page"]]>
              </value>
            </param>
            <param index="1">
              <value>
                <![CDATA["Data-Structure Intrudoction module"]]>
              </value>
            </param>
          </params>
          <reporter-output>
          </reporter-output>
        </test-method> <!-- runScenario -->
        <test-method is-config="true" signature="tearDownClass()[pri:0, instance:com.testrunner.TestRunner@79da8dc5]" started-at="2025-01-29T11:31:22 CST" name="tearDownClass" finished-at="2025-01-29T11:31:22 CST" duration-ms="8" status="PASS">
          <reporter-output>
          </reporter-output>
        </test-method> <!-- tearDownClass -->
      </class> <!-- com.testrunner.TestRunner -->
    </test> <!-- Default test -->
  </suite> <!-- Default suite -->
</testng-results>
